2018-12-12 23:56:40.019 UTC INFO [admin1] Initializing PRIMARY Admin for store: nosqlstore
2018-12-12 23:56:40.020 UTC INFO [admin1] Created new admin environment dir: nosequeldata/nosqlstore/sn1/admin1/env
2018-12-12 23:56:40.028 UTC INFO [admin1] JVM Runtime maxMemory (bytes): 3817865216
2018-12-12 23:56:40.028 UTC INFO [admin1] Non-default JE properties for environment: {je.env.runVerifier=false, je.log.faultReadSize=4096, je.env.runEvictor=true, je.cleaner.minUtilization=40, je.maxDisk=3221225472, je.lock.nLockTables=97, je.cleaner.threads=2, je.log.writeQueueSize=2097152, je.evictor.criticalPercentage=20, je.log.iteratorReadSize=1048576, je.log.numBuffers=16, je.nodeMaxEntries=128, je.lock.timeout=10 s, je.cleaner.minFileUtilization=5, je.txn.durability=write_no_sync,write_no_sync,simple_majority, je.cleaner.readSize=1048576, je.log.fileCacheSize=2000, je.log.fileMax=52428800}
2018-12-12 23:56:40.038 UTC INFO [admin1] DataChannelFactory: basic
2018-12-12 23:56:40.043 UTC INFO [admin1] AdminStateTracker thread start: admin1
2018-12-12 23:56:40.472 UTC INFO [admin1] JE recovery: POPULATE_UTILIZATION_PROFILE
2018-12-12 23:56:40.513 UTC INFO [admin1] JE recovery: POPULATE_EXPIRATION_PROFILE
2018-12-12 23:56:40.517 UTC INFO [admin1] JE recovery: REMOVE_TEMP_DBS
2018-12-12 23:56:40.532 UTC INFO [admin1] JE recovery: CKPT
2018-12-12 23:56:40.549 UTC INFO [admin1] JE recovery: RECOVERY_FINISHED
2018-12-12 23:56:40.583 UTC INFO [admin1] JE: No server auth method
2018-12-12 23:56:40.583 UTC INFO [admin1] JE: Started ServiceDispatcher. HostPort=localhost:5005
2018-12-12 23:56:40.583 UTC INFO [admin1] JE: DataChannel factory: com.sleepycat.je.rep.utilint.net.SimpleChannelFactory
2018-12-12 23:56:40.628 UTC INFO [admin1] JE: DTVLSN at start:0
2018-12-12 23:56:40.629 UTC INFO [admin1] JE: node:NullNode(-1) state change from DETACHED to UNKNOWN
2018-12-12 23:56:40.780 UTC INFO [admin1] JE: Current group size: 0
2018-12-12 23:56:40.781 UTC INFO [admin1] JE: New node 1(-1) unknown to rep group
2018-12-12 23:56:40.781 UTC INFO [admin1] JE: Master changed to 1
2018-12-12 23:56:40.782 UTC INFO [admin1] JE: Nascent group. 1 is master by virtue of being the first node.
2018-12-12 23:56:40.782 UTC INFO [admin1] JE: node:1(1) state change from UNKNOWN to MASTER
2018-12-12 23:56:40.831 UTC INFO [admin1] JE: Successfully added node:1(1) HostPort = localhost: 5005 [ELECTABLE]
2018-12-12 23:56:40.839 UTC INFO [admin1] JE: Updated minimum JE group version to 7.5.0
2018-12-12 23:56:40.839 UTC INFO [admin1] JE recovery: BECOME_CONSISTENT
2018-12-12 23:56:40.840 UTC INFO [admin1] JE: Node 1 started
2018-12-12 23:56:40.840 UTC INFO [admin1] JE: node:NullNode(-1) state change from MASTER to UNKNOWN
2018-12-12 23:56:40.841 UTC INFO [admin1] JE: node:1(1) state change from UNKNOWN to MASTER
2018-12-12 23:56:40.842 UTC INFO [admin1] JE: Feeder manager accepting requests.
2018-12-12 23:56:40.843 UTC INFO [admin1] JE: Joining group as master
2018-12-12 23:56:40.848 UTC INFO [admin1] State change event: Thu Dec 13 00:56:40 CET 2018, State: MASTER, Type: PRIMARY, Master: 1
2018-12-12 23:56:40.848 UTC INFO [admin1] AdminStateTracker queue added:MASTER
2018-12-12 23:56:40.853 UTC INFO [admin1] Initializing Admin Schema to schema version 5/NoSQL DB 18.2.14 2018-10-25 04:45:23 UTC  Build id: 314c08dac9c9 Edition: Enterprise
2018-12-12 23:56:40.865 UTC INFO [admin1] Initialize stores at schema version 5, readOnly=false
2018-12-12 23:56:40.869 UTC INFO [admin1] Open: AdminCriticalEventsDatabase
2018-12-12 23:56:40.872 UTC INFO [admin1] Open: AdminParametersDatabase
2018-12-12 23:56:40.873 UTC INFO [admin1] Open: AdminMemoDatabase
2018-12-12 23:56:40.878 UTC INFO [admin1] Open: AdminPlanDatabase
2018-12-12 23:56:40.881 UTC INFO [admin1] Open: AdminSecurityDatabase
2018-12-12 23:56:40.884 UTC INFO [admin1] Open: AdminTableDatabase
2018-12-12 23:56:40.888 UTC INFO [admin1] Open: AdminTopologyHistoryDatabase
2018-12-12 23:56:40.890 UTC INFO [admin1] Open: AdminTopologyCandidateDatabase
2018-12-12 23:56:40.891 UTC INFO [admin1] Shutting down monitor collector
2018-12-12 23:56:40.897 UTC INFO [admin1] Initializing Admin database
2018-12-12 23:56:40.924 UTC INFO [admin1] Admin database initialized
2018-12-12 23:56:40.925 UTC INFO [admin1] statusListener service port: 62700
2018-12-12 23:56:40.925 UTC INFO [admin1] perfListener service port: 62700
2018-12-12 23:56:40.926 UTC INFO [admin1] logListener service port: 62700
2018-12-12 23:56:40.937 UTC INFO [admin1] Starting Thread[System table monitor,5,RMI Runtime]
2018-12-12 23:56:40.937 UTC INFO [admin1] Replicated environment handle established. Cache size: 2290719129, State: MASTER
2018-12-12 23:56:40.938 UTC INFO [admin1] Configured Admin for store: nosqlstore
2018-12-12 23:56:40.939 UTC INFO [admin1] Admin web service is not starting up, web port: -1
2018-12-12 23:56:40.992 UTC INFO [admin1] Plan 1 [Deploy KVLite] approved
2018-12-12 23:56:40.999 UTC INFO [admin1] Plan 1 [Deploy KVLite] started, 1 tasks
2018-12-12 23:56:41.009 UTC INFO [admin1] Plan 1 [Deploy KVLite] task [DeployDatacenter zone=KVLite] [1] started
2018-12-12 23:56:41.016 UTC INFO [admin1] Plan 1 [Deploy KVLite] task [DeployDatacenter zone=KVLite] [1] ended, state=SUCCEEDED
2018-12-12 23:56:41.020 UTC INFO [admin1] Plan 1 [Deploy KVLite] ended, state=SUCCEEDED
2018-12-12 23:56:41.054 UTC INFO [admin1] Plan 2 [Deploy Storage Node] approved
2018-12-12 23:56:41.055 UTC INFO [admin1] Plan 2 [Deploy Storage Node] started, 1 tasks
2018-12-12 23:56:41.058 UTC INFO [admin1] Plan 2 [Deploy Storage Node] task [DeploySN sn1(localhost:5000)] [1] started
2018-12-12 23:56:41.126 UTC INFO [admin1] Plan 3 [SYS$Create system table SYS$PartitionStatsLease] approved
2018-12-12 23:56:41.128 UTC INFO [admin1] Plan 3 [SYS$Create system table SYS$PartitionStatsLease] started, 1 tasks
2018-12-12 23:56:41.129 UTC INFO [admin1] Plan 3 [SYS$Create system table SYS$PartitionStatsLease] task [AddTable SYS$PartitionStatsLease] [1] started
2018-12-12 23:56:41.134 UTC INFO [admin1] Plan 4 [SYS$Create system table SYS$TableStatsPartition] approved
2018-12-12 23:56:41.135 UTC INFO [admin1] Plan 4 [SYS$Create system table SYS$TableStatsPartition] started, 1 tasks
2018-12-12 23:56:41.137 UTC INFO [admin1] Plan 4 [SYS$Create system table SYS$TableStatsPartition] task [AddTable SYS$TableStatsPartition] [1] started
2018-12-12 23:56:41.153 UTC INFO [admin1] Plan 3 [SYS$Create system table SYS$PartitionStatsLease] task [AddTable SYS$PartitionStatsLease] [1] ended, state=SUCCEEDED
2018-12-12 23:56:41.155 UTC INFO [admin1] Plan 3 [SYS$Create system table SYS$PartitionStatsLease] ended, state=SUCCEEDED
2018-12-12 23:56:41.158 UTC INFO [admin1] Plan 4 [SYS$Create system table SYS$TableStatsPartition] task [AddTable SYS$TableStatsPartition] [1] ended, state=SUCCEEDED
2018-12-12 23:56:41.160 UTC INFO [admin1] Plan 4 [SYS$Create system table SYS$TableStatsPartition] ended, state=SUCCEEDED
2018-12-12 23:56:41.169 UTC INFO [admin1] Plan 5 [SYS$Create system table SYS$IndexStatsLease] approved
2018-12-12 23:56:41.170 UTC INFO [admin1] Plan 5 [SYS$Create system table SYS$IndexStatsLease] started, 1 tasks
2018-12-12 23:56:41.173 UTC INFO [admin1] Plan 5 [SYS$Create system table SYS$IndexStatsLease] task [AddTable SYS$IndexStatsLease] [1] started
2018-12-12 23:56:41.182 UTC INFO [admin1] Plan 5 [SYS$Create system table SYS$IndexStatsLease] task [AddTable SYS$IndexStatsLease] [1] ended, state=SUCCEEDED
2018-12-12 23:56:41.184 UTC INFO [admin1] Plan 5 [SYS$Create system table SYS$IndexStatsLease] ended, state=SUCCEEDED
2018-12-12 23:56:41.186 UTC INFO [admin1] Monitor collector: adding sn1 to monitoring
2018-12-12 23:56:41.190 UTC INFO [admin1] Plan 2 [Deploy Storage Node] task [DeploySN sn1(localhost:5000)] [1] ended, state=SUCCEEDED
2018-12-12 23:56:41.193 UTC INFO [admin1] Plan 2 [Deploy Storage Node] ended, state=SUCCEEDED
2018-12-12 23:56:41.195 UTC INFO [admin1] [sn1] Service status: RUNNING 2018-12-12 23:56:41 UTC
2018-12-12 23:56:41.198 UTC INFO [admin1] Plan 6 [SYS$Create system table SYS$TableStatsIndex] approved
2018-12-12 23:56:41.199 UTC INFO [admin1] Plan 6 [SYS$Create system table SYS$TableStatsIndex] started, 1 tasks
2018-12-12 23:56:41.201 UTC INFO [admin1] Plan 6 [SYS$Create system table SYS$TableStatsIndex] task [AddTable SYS$TableStatsIndex] [1] started
2018-12-12 23:56:41.209 UTC INFO [admin1] Plan 6 [SYS$Create system table SYS$TableStatsIndex] task [AddTable SYS$TableStatsIndex] [1] ended, state=SUCCEEDED
2018-12-12 23:56:41.211 UTC INFO [admin1] Plan 6 [SYS$Create system table SYS$TableStatsIndex] ended, state=SUCCEEDED
2018-12-12 23:56:41.218 UTC INFO [admin1] Plan 7 [Deploy Admin Service] approved
2018-12-12 23:56:41.219 UTC INFO [admin1] Plan 7 [Deploy Admin Service] started, 2 tasks
2018-12-12 23:56:41.225 UTC INFO [admin1] Plan 7 [Deploy Admin Service] task [DeployAdmin admin1 on sn1] [1] started
2018-12-12 23:56:41.255 UTC INFO [admin1] newParameters called for Monitor
2018-12-12 23:56:41.257 UTC INFO [admin1] Plan 7 [Deploy Admin Service] task [DeployAdmin admin1 on sn1] [1] ended, state=SUCCEEDED
2018-12-12 23:56:41.258 UTC INFO [admin1] Plan 7 [Deploy Admin Service] task [WaitForAdminState admin1 to reach RUNNING] [2] started
2018-12-12 23:56:41.264 UTC INFO [admin1] Plan 7 [Deploy Admin Service] task [WaitForAdminState admin1 to reach RUNNING] [2] ended, state=SUCCEEDED
2018-12-12 23:56:41.266 UTC INFO [admin1] Plan 7 [Deploy Admin Service] ended, state=SUCCEEDED
2018-12-12 23:56:41.271 UTC INFO [admin1] Created Storage Node Pool: KVLitePool
2018-12-12 23:56:41.274 UTC INFO [admin1] Added Storage Node sn1 to pool: KVLitePool
2018-12-12 23:56:41.300 UTC INFO [admin1] KVLite has nothing to rebalance
2018-12-12 23:56:41.361 UTC INFO [admin1] Plan 8 [Deploy KVStore] approved
2018-12-12 23:56:41.365 UTC INFO [admin1] Plan 8 [Deploy KVStore] deploying topology candidate KVLite.
2018-12-12 23:56:41.370 UTC INFO [admin1] Current topology: store=nosqlstore  numPartitions=0 sequence=2
  zn: id=zn1 name=KVLite repFactor=1 type=PRIMARY allowArbiters=false masterAffinity=false

  sn=[sn1] zn:[id=zn1 name=KVLite] localhost:5000

  numShards=0

2018-12-12 23:56:41.370 UTC INFO [admin1] Preview of changes to be executed by Plan 8 [Deploy KVStore]:
Topology transformation from current deployed topology to KVLite:
Create 1 shard 
Create 1 RN 
Create 10 partitions 

shard rg1
  1 new RN : rg1-rn1 
  10 new partitions 

2018-12-12 23:56:41.371 UTC INFO [admin1] Target topology candidate: KVLite
store=nosqlstore  numPartitions=10 sequence=14
  zn: id=zn1 name=KVLite repFactor=1 type=PRIMARY allowArbiters=false masterAffinity=false

  sn=[sn1] zn:[id=zn1 name=KVLite] localhost:5000
    [rg1-rn1]

  numShards=1
  shard=[rg1] num partitions=10
    [rg1-rn1] sn=sn1

2018-12-12 23:56:41.372 UTC INFO [admin1] Plan 8 [Deploy KVStore] started, 9 tasks
2018-12-12 23:56:41.374 UTC INFO [admin1] Plan 8 [Deploy KVStore] task [UpdateDatacenterV2 zone=zn1] [1] started
2018-12-12 23:56:41.377 UTC INFO [admin1] Plan 8 [Deploy KVStore] task [UpdateDatacenterV2 zone=zn1] [1] ended, state=SUCCEEDED
2018-12-12 23:56:41.377 UTC INFO [admin1] Plan 8 [Deploy KVStore] task [DeployShard on [sn1] zn:[id=zn1 name=KVLite] localhost:5000 ] [2] started
2018-12-12 23:56:41.385 UTC INFO [admin1] Plan 8 [Deploy KVStore] task [DeployShard rg1 on [sn1] zn:[id=zn1 name=KVLite] localhost:5000 ] [2] ended, state=SUCCEEDED
2018-12-12 23:56:41.385 UTC INFO [admin1] Plan 8 [Deploy KVStore] task [DeployNewRN on sn1(localhost:5000)] [3] started
2018-12-12 23:56:41.390 UTC INFO [admin1] Plan 8 [Deploy KVStore] task [DeployNewRN rg1-rn1 on sn1(localhost:5000)] creating rg1-rn1 on sn1 haPort=localhost:5,006 helpers=localhost:5006 storage directory path=/Users/javiermugueta/Library/Mobile Documents/com~apple~CloudDocs/INTERCHANGE/TUTORIALS/oracle-nosql-cloud-sdk-18.298/nosequeldata/nosqlstore/sn1 directory size=1,073,741,824 log directory path =null log directory size = 0 heapMB=unspecified cachePercent=70 cacheSize=unspecified -XX:ParallelGCThreads=70
2018-12-12 23:56:42.468 UTC INFO [admin1] Monitor collector: adding rg1-rn1 to monitoring
2018-12-12 23:56:42.472 UTC INFO [admin1] Plan 8 [Deploy KVStore] task [DeployNewRN rg1-rn1 on sn1(localhost:5000)] [3] ended, state=SUCCEEDED
2018-12-12 23:56:42.472 UTC INFO [admin1] Plan 8 [Deploy KVStore] task [UpdateNthRNHelperHost] [4] started
2018-12-12 23:56:42.480 UTC INFO [admin1] [rg1-rn1] Service status: RUNNING 2018-12-12 23:56:41 UTC
2018-12-12 23:56:42.481 UTC INFO [admin1] Plan 8 [Deploy KVStore] task [UpdateNthRNHelperHost] [4] ended, state=SUCCEEDED
2018-12-12 23:56:42.481 UTC INFO [admin1] Plan 8 [Deploy KVStore] task [NewNthRNParameters] [5] started
2018-12-12 23:56:42.498 UTC INFO [admin1] Plan 8 [Deploy KVStore] task [NewNthRNParameters] [5] ended, state=SUCCEEDED
2018-12-12 23:56:42.498 UTC INFO [admin1] Plan 8 [Deploy KVStore] task [BroadcastTopo] [6] started
2018-12-12 23:56:42.500 UTC INFO [admin1] Broadcasting topology seq# 4, changes for plan 8
2018-12-12 23:56:42.509 UTC INFO [admin1] Plan 8 [Deploy KVStore] task [BroadcastTopo] [6] ended, state=SUCCEEDED
2018-12-12 23:56:42.509 UTC INFO [admin1] Plan 8 [Deploy KVStore] task [BroadcastMetadata] [7] started
2018-12-12 23:56:42.513 UTC INFO [admin1] Plan 8 [Deploy KVStore] task [BroadcastMetadata] [7] ended, state=SUCCEEDED
2018-12-12 23:56:42.513 UTC INFO [admin1] Plan 8 [Deploy KVStore] task [AddPartitions totalPartitions=10] [8] started
2018-12-12 23:56:42.520 UTC INFO [admin1] Broadcasting topology seq# 14, changes for Initializing new partitions
2018-12-12 23:56:42.540 UTC INFO [admin1] Plan 8 [Deploy KVStore] task [AddPartitions totalPartitions=10] [8] ended, state=SUCCEEDED
2018-12-12 23:56:42.540 UTC INFO [admin1] Plan 8 [Deploy KVStore] task [BroadcastTopo] [9] started
2018-12-12 23:56:42.543 UTC INFO [admin1] Broadcasting topology seq# 14, changes for plan 8
2018-12-12 23:56:42.548 UTC INFO [admin1] Plan 8 [Deploy KVStore] task [BroadcastTopo] [9] ended, state=SUCCEEDED
2018-12-12 23:56:42.550 UTC INFO [admin1] Plan 8 [Deploy KVStore] ended, state=SUCCEEDED
2018-12-12 23:56:51.206 UTC INFO [admin1] Exit Thread[System table monitor,5,RMI Runtime]
2018-12-13 00:00:51.505 UTC INFO [admin1] Plan 9 [CreateTable mytenantId:users] approved
2018-12-13 00:00:51.506 UTC INFO [admin1] Plan 9 [CreateTable mytenantId:users] started, 1 tasks
2018-12-13 00:00:51.507 UTC INFO [admin1] Plan 9 [CreateTable mytenantId:users] task [AddTable mytenantId:users] [1] started
2018-12-13 00:00:51.512 UTC INFO [admin1] Plan 9 [CreateTable mytenantId:users] broadcasting TableMetadata[5, 5, 5] for AddTable mytenantId:users
2018-12-13 00:00:51.526 UTC INFO [admin1] Plan 9 [CreateTable mytenantId:users] successful broadcast to all groups of TABLE metadata seq# 5, for AddTable mytenantId:users, attempts=1
2018-12-13 00:00:51.528 UTC INFO [admin1] Plan 9 [CreateTable mytenantId:users] task [AddTable mytenantId:users] [1] ended, state=SUCCEEDED
2018-12-13 00:00:51.529 UTC INFO [admin1] Plan 9 [CreateTable mytenantId:users] ended, state=SUCCEEDED
2018-12-13 00:02:00.643 UTC INFO [admin1] JE: Releasing commit block latch
2018-12-13 00:02:01.567 UTC INFO [admin1] JE: Feeder manager forced shutdown.
2018-12-13 00:02:01.567 UTC INFO [admin1] JE: Feeder Manager shutting down feeders. Active and nascent feeders:0 Managed feeders:0
2018-12-13 00:02:01.568 UTC INFO [admin1] JE: Feeder Manager completed shutting down feeders.
2018-12-13 00:02:01.568 UTC INFO [admin1] JE: Feeder manager exited. CurrentTxnEnd VLSN: 213
2018-12-13 00:02:01.568 UTC INFO [admin1] JE: node:NullNode(-1) state change from MASTER to UNKNOWN
2018-12-13 00:02:01.568 UTC INFO [admin1] State change event: Thu Dec 13 01:02:01 CET 2018, State: UNKNOWN, Type: PRIMARY, Master: none
2018-12-13 00:02:01.568 UTC INFO [admin1] AdminStateTracker queue added:UNKNOWN
2018-12-13 00:02:01.568 UTC INFO [admin1] System table monitor soft shutdown initiated.
2018-12-13 00:02:01.569 UTC INFO [admin1] JE: RepNode main thread shutting down.
2018-12-13 00:02:01.569 UTC INFO [admin1] RuntimeException while entering replica mode, (JE 18.2.14) Environment must be closed, caused by: com.sleepycat.je.EnvironmentFailureException: Environment invalid because of previous exception: (JE 18.2.14) 1(1):nosequeldata/nosqlstore/sn1/admin1/env java.nio.file.NoSuchFileException: /Users/javiermugueta/Library/Mobile Documents/com~apple~CloudDocs/INTERCHANGE/TUTORIALS/oracle-nosql-cloud-sdk-18.298/nosequeldata/nosqlstore/sn1/admin1/env UNEXPECTED_EXCEPTION_FATAL: Unexpected internal Exception, unable to continue. Environment is invalid and must be closed.
2018-12-13 00:02:01.569 UTC INFO [admin1] JE: RepNode shutdown exception:
Environment invalid because of previous exception: (JE 18.2.14) 1(1):nosequeldata/nosqlstore/sn1/admin1/env java.nio.file.NoSuchFileException: /Users/javiermugueta/Library/Mobile Documents/com~apple~CloudDocs/INTERCHANGE/TUTORIALS/oracle-nosql-cloud-sdk-18.298/nosequeldata/nosqlstore/sn1/admin1/env UNEXPECTED_EXCEPTION_FATAL: Unexpected internal Exception, unable to continue. Environment is invalid and must be closed.1(1)[UNKNOWN] 
No feeders.
Group info [nosqlstoreAdmin] 388d7cb6-f33c-4c98-a3de-08ac7c512102
 Format version: 3
 Change version: 1
 Max persist rep node ID: 1
 Min JE version: 7.5.0
 Node:1 localhost:5005 (is member) changeVersion:1 LocalCBVLSN:-1 at:Thu Dec 13 00:56:40 CET 2018 jeVersion:18.2.14
vlsnRange=first=1 last=213 sync=213 txnEnd=213
lastReplayedTxn=null lastReplayedVLSN=-1 numActiveReplayTxns=0

2018-12-13 00:02:01.569 UTC INFO [admin1] JE: Shutting down node 1(1) DTVLSN:213
2018-12-13 00:02:01.570 UTC INFO [admin1] JE: Elections shutdown initiated
2018-12-13 00:02:01.570 UTC INFO [admin1] JE: Acceptor Thread 1 soft shutdown initiated.
2018-12-13 00:02:01.570 UTC INFO [admin1] JE: Learner Thread 1 soft shutdown initiated.
2018-12-13 00:02:01.570 UTC INFO [admin1] JE: Elections shutdown completed
2018-12-13 00:02:01.570 UTC INFO [admin1] JE: RepNode main thread: UNKNOWN 1(1) exited.
2018-12-13 00:02:01.570 UTC INFO [admin1] JE: Feeder Manager node: 1 soft shutdown initiated.
2018-12-13 00:02:01.571 UTC INFO [admin1] JE: ServiceDispatcher shutdown starting. HostPort=localhost:5005 Registered services: []
2018-12-13 00:02:01.571 UTC INFO [admin1] JE: ServiceDispatcher-localhost:5005 soft shutdown initiated.
2018-12-13 00:02:01.571 UTC INFO [admin1] JE: ServiceDispatcher shutdown completed. HostPort=localhost:5005
2018-12-13 00:02:01.571 UTC INFO [admin1] JE: 1(1) shutdown completed.
2018-12-13 00:02:01.571 UTC INFO [admin1] JE: node:NullNode(-1) state change from UNKNOWN to DETACHED
2018-12-13 00:02:01.571 UTC INFO [admin1] State change event: Thu Dec 13 01:02:01 CET 2018, State: DETACHED, Type: PRIMARY, Master: none
2018-12-13 00:02:01.571 UTC INFO [admin1] AdminStateTracker queue added:DETACHED
2018-12-13 00:02:01.572 UTC INFO [admin1] AdminStateTracker thread exited: admin1
2018-12-13 00:02:01.572 UTC SEVERE [admin1] Admin shutting down for fault in thread AdminStateTracker
com.sleepycat.je.EnvironmentFailureException: Environment invalid because of previous exception: (JE 18.2.14) 1(1):nosequeldata/nosqlstore/sn1/admin1/env java.nio.file.NoSuchFileException: /Users/javiermugueta/Library/Mobile Documents/com~apple~CloudDocs/INTERCHANGE/TUTORIALS/oracle-nosql-cloud-sdk-18.298/nosequeldata/nosqlstore/sn1/admin1/env UNEXPECTED_EXCEPTION_FATAL: Unexpected internal Exception, unable to continue. Environment is invalid and must be closed. Originally thrown by HA thread: UNKNOWN 1(1)
	at com.sleepycat.je.EnvironmentFailureException.unexpectedException(EnvironmentFailureException.java:369)
	at com.sleepycat.je.cleaner.Cleaner.getDiskFreeSpace(Cleaner.java:1199)
	at com.sleepycat.je.cleaner.Cleaner.freshenLogSizeStats(Cleaner.java:1087)
	at com.sleepycat.je.cleaner.Cleaner.manageDiskUsage(Cleaner.java:795)
	at com.sleepycat.je.cleaner.FileProcessor.doClean(FileProcessor.java:365)
	at com.sleepycat.je.cleaner.FileProcessor.onWakeup(FileProcessor.java:304)
	at com.sleepycat.je.utilint.DaemonThread.run(DaemonThread.java:154)
	at java.lang.Thread.run(Thread.java:748)
Caused by: java.nio.file.NoSuchFileException: /Users/javiermugueta/Library/Mobile Documents/com~apple~CloudDocs/INTERCHANGE/TUTORIALS/oracle-nosql-cloud-sdk-18.298/nosequeldata/nosqlstore/sn1/admin1/env
	at sun.nio.fs.UnixException.translateToIOException(UnixException.java:86)
	at sun.nio.fs.UnixException.rethrowAsIOException(UnixException.java:102)
	at sun.nio.fs.UnixException.rethrowAsIOException(UnixException.java:107)
	at sun.nio.fs.UnixFileStore.readAttributes(UnixFileStore.java:111)
	at sun.nio.fs.UnixFileStore.getUsableSpace(UnixFileStore.java:124)
	at com.sleepycat.je.utilint.Java7FileStoreInfo.getUsableSpace(Java7FileStoreInfo.java:70)
	at com.sleepycat.je.cleaner.Cleaner.getDiskFreeSpace(Cleaner.java:1197)
	... 6 more
2018-12-13 00:02:01.576 UTC SEVERE [admin1] Admin shutting down for fault in thread EventRecorder
com.sleepycat.je.EnvironmentFailureException: (JE 18.2.14) Environment must be closed, caused by: com.sleepycat.je.EnvironmentFailureException: Environment invalid because of previous exception: (JE 18.2.14) 1(1):nosequeldata/nosqlstore/sn1/admin1/env java.nio.file.NoSuchFileException: /Users/javiermugueta/Library/Mobile Documents/com~apple~CloudDocs/INTERCHANGE/TUTORIALS/oracle-nosql-cloud-sdk-18.298/nosequeldata/nosqlstore/sn1/admin1/env UNEXPECTED_EXCEPTION_FATAL: Unexpected internal Exception, unable to continue. Environment is invalid and must be closed. Originally thrown by HA thread: UNKNOWN 1(1)
	at com.sleepycat.je.EnvironmentFailureException.wrapSelf(EnvironmentFailureException.java:230)
	at com.sleepycat.je.dbi.EnvironmentImpl.checkIfInvalid(EnvironmentImpl.java:1815)
	at com.sleepycat.je.dbi.EnvironmentImpl.checkOpen(EnvironmentImpl.java:1824)
	at com.sleepycat.je.Environment.checkOpen(Environment.java:2697)
	at com.sleepycat.je.Environment.beginTransactionInternal(Environment.java:1409)
	at com.sleepycat.je.Environment.beginTransaction(Environment.java:1383)
	at oracle.kv.impl.admin.Admin$RunTransaction.run(Admin.java:3439)
	at oracle.kv.impl.admin.Admin.storeEvents(Admin.java:2348)
	at oracle.kv.impl.admin.criticalevent.EventRecorder.storeLogEvents(EventRecorder.java:288)
	at oracle.kv.impl.admin.criticalevent.EventRecorder.eventRecorderWorker(EventRecorder.java:249)
	at oracle.kv.impl.admin.criticalevent.EventRecorder.access$000(EventRecorder.java:44)
	at oracle.kv.impl.admin.criticalevent.EventRecorder$1.run(EventRecorder.java:98)
Caused by: com.sleepycat.je.EnvironmentFailureException: Environment invalid because of previous exception: (JE 18.2.14) 1(1):nosequeldata/nosqlstore/sn1/admin1/env java.nio.file.NoSuchFileException: /Users/javiermugueta/Library/Mobile Documents/com~apple~CloudDocs/INTERCHANGE/TUTORIALS/oracle-nosql-cloud-sdk-18.298/nosequeldata/nosqlstore/sn1/admin1/env UNEXPECTED_EXCEPTION_FATAL: Unexpected internal Exception, unable to continue. Environment is invalid and must be closed. Originally thrown by HA thread: UNKNOWN 1(1)
	at com.sleepycat.je.EnvironmentFailureException.unexpectedException(EnvironmentFailureException.java:369)
	at com.sleepycat.je.cleaner.Cleaner.getDiskFreeSpace(Cleaner.java:1199)
	at com.sleepycat.je.cleaner.Cleaner.freshenLogSizeStats(Cleaner.java:1087)
	at com.sleepycat.je.cleaner.Cleaner.manageDiskUsage(Cleaner.java:795)
	at com.sleepycat.je.cleaner.FileProcessor.doClean(FileProcessor.java:365)
	at com.sleepycat.je.cleaner.FileProcessor.onWakeup(FileProcessor.java:304)
	at com.sleepycat.je.utilint.DaemonThread.run(DaemonThread.java:154)
	at java.lang.Thread.run(Thread.java:748)
Caused by: java.nio.file.NoSuchFileException: /Users/javiermugueta/Library/Mobile Documents/com~apple~CloudDocs/INTERCHANGE/TUTORIALS/oracle-nosql-cloud-sdk-18.298/nosequeldata/nosqlstore/sn1/admin1/env
	at sun.nio.fs.UnixException.translateToIOException(UnixException.java:86)
	at sun.nio.fs.UnixException.rethrowAsIOException(UnixException.java:102)
	at sun.nio.fs.UnixException.rethrowAsIOException(UnixException.java:107)
	at sun.nio.fs.UnixFileStore.readAttributes(UnixFileStore.java:111)
	at sun.nio.fs.UnixFileStore.getUsableSpace(UnixFileStore.java:124)
	at com.sleepycat.je.utilint.Java7FileStoreInfo.getUsableSpace(Java7FileStoreInfo.java:70)
	at com.sleepycat.je.cleaner.Cleaner.getDiskFreeSpace(Cleaner.java:1197)
	... 6 more
